\BOOKMARK [1][-]{section.1}{\376\377\000I\000n\000t\000r\000o\000d\000u\000c\000t\000i\000o\000n}{}% 1
\BOOKMARK [2][-]{subsection.1.1}{\376\377\000S\000c\000o\000p\000e\000\040\000o\000f\000\040\000t\000h\000i\000s\000\040\000M\000a\000n\000u\000a\000l}{section.1}% 2
\BOOKMARK [2][-]{subsection.1.2}{\376\377\000S\000u\000p\000p\000o\000r\000t\000\040\000a\000n\000d\000\040\000R\000e\000p\000o\000r\000t\000i\000n\000g\000\040\000I\000s\000s\000u\000e\000s}{section.1}% 3
\BOOKMARK [2][-]{subsection.1.3}{\376\377\000C\000o\000n\000t\000r\000i\000b\000u\000t\000i\000n\000g\000\040\000C\000o\000d\000e}{section.1}% 4
\BOOKMARK [1][-]{section.2}{\376\377\000Q\000u\000i\000c\000k\000\040\000S\000t\000a\000r\000t}{}% 5
\BOOKMARK [1][-]{section.3}{\376\377\000I\000n\000s\000t\000a\000l\000l\000a\000t\000i\000o\000n}{}% 6
\BOOKMARK [2][-]{subsection.3.1}{\376\377\000S\000u\000p\000p\000o\000r\000t\000e\000d\000\040\000O\000p\000e\000r\000a\000t\000i\000n\000g\000\040\000S\000y\000s\000t\000e\000m\000s}{section.3}% 7
\BOOKMARK [2][-]{subsection.3.2}{\376\377\000P\000r\000e\000r\000e\000q\000u\000i\000s\000i\000t\000e\000s}{section.3}% 8
\BOOKMARK [2][-]{subsection.3.3}{\376\377\000D\000o\000w\000n\000l\000o\000a\000d\000i\000n\000g\000\040\000t\000h\000e\000\040\000s\000o\000u\000r\000c\000e\000\040\000c\000o\000d\000e}{section.3}% 9
\BOOKMARK [2][-]{subsection.3.4}{\376\377\000I\000n\000i\000t\000i\000a\000l\000i\000z\000i\000n\000g\000\040\000t\000h\000e\000\040\000d\000e\000p\000e\000n\000d\000e\000n\000c\000i\000e\000s}{section.3}% 10
\BOOKMARK [2][-]{subsection.3.5}{\376\377\000C\000o\000n\000f\000i\000g\000u\000r\000a\000t\000i\000o\000n\000\040\000v\000i\000a\000\040\000C\000M\000a\000k\000e}{section.3}% 11
\BOOKMARK [2][-]{subsection.3.6}{\376\377\000C\000o\000m\000p\000i\000l\000a\000t\000i\000o\000n\000\040\000a\000n\000d\000\040\000i\000n\000s\000t\000a\000l\000l\000a\000t\000i\000o\000n}{section.3}% 12
\BOOKMARK [1][-]{section.4}{\376\377\000G\000e\000t\000t\000i\000n\000g\000\040\000S\000t\000a\000r\000t\000e\000d}{}% 13
\BOOKMARK [2][-]{subsection.4.1}{\376\377\000C\000o\000n\000f\000i\000g\000u\000r\000a\000t\000i\000o\000n\000\040\000F\000i\000l\000e\000s}{section.4}% 14
\BOOKMARK [3][-]{subsubsection.4.1.1}{\376\377\000P\000a\000r\000s\000i\000n\000g\000\040\000t\000y\000p\000e\000s\000\040\000a\000n\000d\000\040\000u\000n\000i\000t\000s}{subsection.4.1}% 15
\BOOKMARK [3][-]{subsubsection.4.1.2}{\376\377\000M\000a\000i\000n\000\040\000c\000o\000n\000f\000i\000g\000u\000r\000a\000t\000i\000o\000n}{subsection.4.1}% 16
\BOOKMARK [3][-]{subsubsection.4.1.3}{\376\377\000D\000e\000t\000e\000c\000t\000o\000r\000\040\000c\000o\000n\000f\000i\000g\000u\000r\000a\000t\000i\000o\000n}{subsection.4.1}% 17
\BOOKMARK [2][-]{subsection.4.2}{\376\377\000F\000r\000a\000m\000e\000w\000o\000r\000k\000\040\000p\000a\000r\000a\000m\000e\000t\000e\000r\000s}{section.4}% 18
\BOOKMARK [2][-]{subsection.4.3}{\376\377\000T\000h\000e\000\040\000a\000l\000l\000p\000i\000x\000\040\000E\000x\000e\000c\000u\000t\000a\000b\000l\000e}{section.4}% 19
\BOOKMARK [2][-]{subsection.4.4}{\376\377\000S\000e\000t\000t\000i\000n\000g\000\040\000u\000p\000\040\000t\000h\000e\000\040\000S\000i\000m\000u\000l\000a\000t\000i\000o\000n\000\040\000C\000h\000a\000i\000n}{section.4}% 20
\BOOKMARK [2][-]{subsection.4.5}{\376\377\000E\000x\000t\000e\000n\000d\000i\000n\000g\000\040\000t\000h\000e\000\040\000S\000i\000m\000u\000l\000a\000t\000i\000o\000n\000\040\000C\000h\000a\000i\000n}{section.4}% 21
\BOOKMARK [2][-]{subsection.4.6}{\376\377\000L\000o\000g\000g\000i\000n\000g\000\040\000a\000n\000d\000\040\000V\000e\000r\000b\000o\000s\000i\000t\000y\000\040\000L\000e\000v\000e\000l\000s}{section.4}% 22
\BOOKMARK [2][-]{subsection.4.7}{\376\377\000S\000t\000o\000r\000i\000n\000g\000\040\000O\000u\000t\000p\000u\000t\000\040\000D\000a\000t\000a}{section.4}% 23
\BOOKMARK [1][-]{section.5}{\376\377\000S\000t\000r\000u\000c\000t\000u\000r\000e\000\040\000\046\000\040\000C\000o\000m\000p\000o\000n\000e\000n\000t\000s\000\040\000o\000f\000\040\000t\000h\000e\000\040\000F\000r\000a\000m\000e\000w\000o\000r\000k}{}% 24
\BOOKMARK [2][-]{subsection.5.1}{\376\377\000A\000r\000c\000h\000i\000t\000e\000c\000t\000u\000r\000e\000\040\000o\000f\000\040\000t\000h\000e\000\040\000C\000o\000r\000e}{section.5}% 25
\BOOKMARK [2][-]{subsection.5.2}{\376\377\000C\000o\000n\000f\000i\000g\000u\000r\000a\000t\000i\000o\000n\000\040\000a\000n\000d\000\040\000P\000a\000r\000a\000m\000e\000t\000e\000r\000s}{section.5}% 26
\BOOKMARK [3][-]{subsubsection.5.2.1}{\376\377\000F\000i\000l\000e\000\040\000f\000o\000r\000m\000a\000t}{subsection.5.2}% 27
\BOOKMARK [3][-]{subsubsection.5.2.2}{\376\377\000A\000c\000c\000e\000s\000s\000i\000n\000g\000\040\000p\000a\000r\000a\000m\000e\000t\000e\000r\000s}{subsection.5.2}% 28
\BOOKMARK [2][-]{subsection.5.3}{\376\377\000M\000o\000d\000u\000l\000e\000s\000\040\000a\000n\000d\000\040\000t\000h\000e\000\040\000M\000o\000d\000u\000l\000e\000\040\000M\000a\000n\000a\000g\000e\000r}{section.5}% 29
\BOOKMARK [3][-]{subsubsection.5.3.1}{\376\377\000F\000i\000l\000e\000s\000\040\000o\000f\000\040\000a\000\040\000M\000o\000d\000u\000l\000e}{subsection.5.3}% 30
\BOOKMARK [3][-]{subsubsection.5.3.2}{\376\377\000M\000o\000d\000u\000l\000e\000\040\000s\000t\000r\000u\000c\000t\000u\000r\000e}{subsection.5.3}% 31
\BOOKMARK [3][-]{subsubsection.5.3.3}{\376\377\000M\000o\000d\000u\000l\000e\000\040\000i\000n\000s\000t\000a\000n\000t\000i\000a\000t\000i\000o\000n}{subsection.5.3}% 32
\BOOKMARK [3][-]{subsubsection.5.3.4}{\376\377\000P\000a\000r\000a\000l\000l\000e\000l\000\040\000e\000x\000e\000c\000u\000t\000i\000o\000n\000\040\000o\000f\000\040\000m\000o\000d\000u\000l\000e\000s}{subsection.5.3}% 33
\BOOKMARK [2][-]{subsection.5.4}{\376\377\000G\000e\000o\000m\000e\000t\000r\000y\000\040\000a\000n\000d\000\040\000D\000e\000t\000e\000c\000t\000o\000r\000s}{section.5}% 34
\BOOKMARK [3][-]{subsubsection.5.4.1}{\376\377\000C\000o\000o\000r\000d\000i\000n\000a\000t\000e\000\040\000s\000y\000s\000t\000e\000m\000s}{subsection.5.4}% 35
\BOOKMARK [3][-]{subsubsection.5.4.2}{\376\377\000C\000h\000a\000n\000g\000i\000n\000g\000\040\000a\000n\000d\000\040\000a\000c\000c\000e\000s\000s\000i\000n\000g\000\040\000t\000h\000e\000\040\000g\000e\000o\000m\000e\000t\000r\000y}{subsection.5.4}% 36
\BOOKMARK [3][-]{subsubsection.5.4.3}{\376\377\000D\000e\000t\000e\000c\000t\000o\000r\000\040\000m\000o\000d\000e\000l\000s}{subsection.5.4}% 37
\BOOKMARK [3][-]{subsubsection.5.4.4}{\376\377\000S\000u\000p\000p\000o\000r\000t\000\040\000L\000a\000y\000e\000r\000s}{subsection.5.4}% 38
\BOOKMARK [2][-]{subsection.5.5}{\376\377\000P\000a\000s\000s\000i\000n\000g\000\040\000O\000b\000j\000e\000c\000t\000s\000\040\000u\000s\000i\000n\000g\000\040\000M\000e\000s\000s\000a\000g\000e\000s}{section.5}% 39
\BOOKMARK [3][-]{subsubsection.5.5.1}{\376\377\000M\000e\000t\000h\000o\000d\000s\000\040\000t\000o\000\040\000p\000r\000o\000c\000e\000s\000s\000\040\000m\000e\000s\000s\000a\000g\000e\000s}{subsection.5.5}% 40
\BOOKMARK [3][-]{subsubsection.5.5.2}{\376\377\000M\000e\000s\000s\000a\000g\000e\000\040\000f\000l\000a\000g\000s}{subsection.5.5}% 41
\BOOKMARK [2][-]{subsection.5.6}{\376\377\000R\000e\000d\000i\000r\000e\000c\000t\000\040\000M\000o\000d\000u\000l\000e\000\040\000I\000n\000p\000u\000t\000s\000\040\000a\000n\000d\000\040\000O\000u\000t\000p\000u\000t\000s}{section.5}% 42
\BOOKMARK [2][-]{subsection.5.7}{\376\377\000L\000o\000g\000g\000i\000n\000g\000\040\000a\000n\000d\000\040\000o\000t\000h\000e\000r\000\040\000U\000t\000i\000l\000i\000t\000i\000e\000s}{section.5}% 43
\BOOKMARK [3][-]{subsubsection.5.7.1}{\376\377\000L\000o\000g\000g\000i\000n\000g\000\040\000s\000y\000s\000t\000e\000m}{subsection.5.7}% 44
\BOOKMARK [3][-]{subsubsection.5.7.2}{\376\377\000U\000n\000i\000t\000\040\000s\000y\000s\000t\000e\000m}{subsection.5.7}% 45
\BOOKMARK [3][-]{subsubsection.5.7.3}{\376\377\000I\000n\000t\000e\000r\000n\000a\000l\000\040\000u\000t\000i\000l\000i\000t\000i\000e\000s}{subsection.5.7}% 46
\BOOKMARK [2][-]{subsection.5.8}{\376\377\000E\000r\000r\000o\000r\000\040\000R\000e\000p\000o\000r\000t\000i\000n\000g\000\040\000a\000n\000d\000\040\000E\000x\000c\000e\000p\000t\000i\000o\000n\000s}{section.5}% 47
\BOOKMARK [1][-]{section.6}{\376\377\000O\000b\000j\000e\000c\000t\000s}{}% 48
\BOOKMARK [2][-]{subsection.6.1}{\376\377\000O\000b\000j\000e\000c\000t\000\040\000T\000y\000p\000e\000s}{section.6}% 49
\BOOKMARK [2][-]{subsection.6.2}{\376\377\000O\000b\000j\000e\000c\000t\000\040\000H\000i\000s\000t\000o\000r\000y}{section.6}% 50
\BOOKMARK [1][-]{section.7}{\376\377\000M\000o\000d\000u\000l\000e\000s}{}% 51
\BOOKMARK [1][-]{section.8}{\376\377\000M\000o\000d\000u\000l\000e\000\040\000\046\000\040\000D\000e\000t\000e\000c\000t\000o\000r\000\040\000D\000e\000v\000e\000l\000o\000p\000m\000e\000n\000t}{}% 52
\BOOKMARK [2][-]{subsection.8.1}{\376\377\000I\000m\000p\000l\000e\000m\000e\000n\000t\000i\000n\000g\000\040\000a\000\040\000N\000e\000w\000\040\000M\000o\000d\000u\000l\000e}{section.8}% 53
\BOOKMARK [2][-]{subsection.8.2}{\376\377\000A\000d\000d\000i\000n\000g\000\040\000a\000\040\000N\000e\000w\000\040\000D\000e\000t\000e\000c\000t\000o\000r\000\040\000M\000o\000d\000e\000l}{section.8}% 54
\BOOKMARK [1][-]{section.9}{\376\377\000D\000e\000v\000e\000l\000o\000p\000m\000e\000n\000t\000\040\000T\000o\000o\000l\000s\000\040\000\046\000\040\000C\000o\000n\000t\000i\000n\000u\000o\000u\000s\000\040\000I\000n\000t\000e\000g\000r\000a\000t\000i\000o\000n}{}% 55
\BOOKMARK [2][-]{subsection.9.1}{\376\377\000A\000d\000d\000i\000t\000i\000o\000n\000a\000l\000\040\000T\000a\000r\000g\000e\000t\000s}{section.9}% 56
\BOOKMARK [2][-]{subsection.9.2}{\376\377\000C\000o\000n\000t\000i\000n\000u\000o\000u\000s\000\040\000I\000n\000t\000e\000g\000r\000a\000t\000i\000o\000n}{section.9}% 57
\BOOKMARK [2][-]{subsection.9.3}{\376\377\000T\000e\000s\000t\000s}{section.9}% 58
\BOOKMARK [1][-]{section.10}{\376\377\000F\000r\000e\000q\000u\000e\000n\000t\000l\000y\000\040\000A\000s\000k\000e\000d\000\040\000Q\000u\000e\000s\000t\000i\000o\000n\000s}{}% 59
